<?xml version="1.0" encoding="UTF-8"?>
<testsuite xmlns:xsi="http://www.w3.org/2001/XMLSchema-instance" xsi:noNamespaceSchemaLocation="https://maven.apache.org/surefire/maven-surefire-plugin/xsd/surefire-test-report.xsd" name="TestSuite" time="110.735" tests="4" errors="0" skipped="0" failures="0">
  <properties>
[...]
</properties>
  <testcase name="basePageNavigation" classname="Academy.HomePage" time="18.649"/>
  <testcase name="basePageNavigation" classname="Academy.HomePage" time="8.307"/>
  <testcase name="validateAppTitle" classname="Academy.validateTitle" time="0.075"/>
  <testcase name="validateAppNavBar" classname="Academy.validateNavigationBar" time="0.288"/>
</testsuite>